28-04-2025 22:01:16 [INFO] film list from selector [(url_value, film_name), ...]: [('%CHM%', 'Adox CHM'), ('Adox CHS%', 'Adox CHS'), ('Adox CHS 100 II', 'Adox CHS 100 II'), ('Adox CMS 20%', 'Adox CMS 20 II'), ('Adox %HR%', 'Adox HR-50/IR-HR'), ('Adox Ort 25', 'Adox Ort 25'), ('Adox Pan 25', 'Adox Pan 25'), ('Adox Scala%', 'Adox Scala'), ('Adox Silvermax', 'Adox Silvermax'), ('Agfapan APX 100', 'Agfapan APX 100'), ('AgfaPhoto APX 100', 'AgfaPhoto APX 100'), ('AgfaPhoto APX 400', 'AgfaPhoto APX 400'), ('Agfa Cinerex%', 'Agfa Cinerex'), ('Agfa Copex%', 'Agfa Copex'), ('Agfa Scala%', 'Agfa Scala'), ('%Aviphot%', 'Agfa Aviphot'), ('Argenti%', 'Argenti films'), ('Arista EDU D%', 'Arista EDU DX'), ('Arista EDU U%', 'Arista EDU Ultra'), ('Arista Ortho Litho', 'Arista Ortho Litho'), ('Arista Premium%', 'Arista Premium'), ('Aristapan%', 'Aristapan'), ('Arista%', 'Arista (All Films)'), ('Imago%', 'Ars-imago films'), ('Astrum%', 'Astrum films'), ('Atomic X', 'Atomic X'), ('Bergger Pancro 400', 'Bergger Pancro 400'), ('Bluefire%', 'Bluefire films'), ('BCG P-400', 'BCG P-400'), ('CatLABS%', 'CatLABS films'), ('CHM % Universal', 'CHM Universal (Fotoimpex)'), ('CineStill BwXX', 'CineStill BwXX'), ('Contrasto%', 'Contrasto 200'), ('%Dry Plates%', 'Dry Plates'), ('Dubblefilm%', 'Dubblefilm films'), ('Eastman%', 'Eastman films'), ('Efke 25', 'Efke 25'), ('Efke 50', 'Efke 50'), ('Efke 100', 'Efke 100'), ('Efke IR820', 'Efke IR820'), ('ERA%', 'ERA films'), ('Etude%', 'Etude Pan'), ('EXE-FIL%', 'EXE-FIL ml XX'), ('ExtraFilm 200', 'ExtraFilm 200'), ('Fabfilm BU-400', 'Fabfilm BU-400'), ('Ferrania Orto', 'Ferrania Orto'), ('Ferrania P30', 'Ferrania P30'), ('Ferrania P33', 'Ferrania P33'), ('Filmotec%', 'Filmotec films'), ('FilmNeverDie%', 'FilmNeverDie KURO 100'), ('Flic Film UltraPan%', 'Flic Film UltraPan 100'), ('Fomapan 100', 'Fomapan 100'), ('Fomapan 200', 'Fomapan 200'), ('Fomapan 400', 'Fomapan 400'), ('Foma Ortho 400', 'Foma Ortho 400'), ('Foma Retropan 320', 'Foma Retropan 320'), ('Fotopan%', 'Fotopan films'), ('FPP%', 'FPP films'), ('FT-12', 'FT-12'), ('Fujifilm%', 'Fuji HR/RX/UM/C/AD'), ('Fuji Neopan 100 Acros%', 'Fuji Neopan Acros II'), ('Fuji Neopan 100ss', 'Fuji Neopan 100ss'), ('Fuji Neopan 400', 'Fuji Neopan 400'), ('Fuji Neopan 1600', 'Fuji Neopan 1600'), ('Fuji Eterna-RDS 4791', 'Fuji RDS 4791'), ('Fukkatsu 100', 'Fukkatsu 100'), ('gufa%', 'gufa.Labs'), ('Holga 400', 'Holga 400'), ('Ilford Pan F%', 'Ilford Pan F+'), ('Ilford FP4%', 'Ilford FP4+'), ('Ilford HP5%', 'Ilford HP5+'), ('Ilford Delta 100%', 'Ilford Delta 100'), ('Ilford Delta 400%', 'Ilford Delta 400'), ('Ilford Delta 3200%', 'Ilford Delta 3200'), ('Ilford SFX 200%', 'Ilford SFX 200'), ('Ilford Pan 100', 'Ilford Pan 100'), ('Ilford Pan 400', 'Ilford Pan 400'), ('Ilford Surveillance%', 'Ilford Surveillance'), ('Ilford Ortho%', 'Ilford Ortho+'), ('Ilford XP2%', 'Ilford XP2'), ('Imago 320%', 'Imago 320'), ('Isopan F%', 'Isopan F'), ('JCH%', 'JCH Streetpan'), ('Kentmere%', 'Kentmere films'), ('Kiki%', 'Kiki Pan 320'), ('Kodak 1461', 'Kodak 1461'), ('Kodak 2%', 'Kodak 2*** films'), ('Kodak Aerecon%', 'Kodak Aerecon 3409'), ('Kodak Aerocolor%', 'Kodak Aerocolor IV 2460'), ('Kodak BW400CN', 'Kodak BW400CN'), ('Kodak Direct Positive%', 'Kodak Direct Positive'), ('Kodak Double-X%', 'Kodak Double-X'), ('Kodak Ektachrome%', 'Kodak Ektachrome 100'), ('Kodak Ektagraphic%', 'Kodak Ektagraphic'), ('Kodak Ektar%', 'Kodak Ektar 100'), ('Kodak Gold%', 'Kodak Gold 200'), ('Kodak Hawkeye', 'Kodak Hawkeye'), ('Kodak HIE%', 'Kodak HIE Infrared'), ('Kodak Panatomic-X', 'Kodak Panatomic-X'), ('Kodak Plus-X', 'Kodak Plus-X'), ('Kodak Technical Pan', 'Kodak Technical Pan'), ('Kodak TMax 100', 'Kodak TMax 100'), ('Kodak TMax 400', 'Kodak TMax 400'), ('Kodak TMax P3200', 'Kodak TMax P3200'), ('Kodak Tri-X 320', 'Kodak Tri-X 320'), ('Kodak Tri-X 400', 'Kodak Tri-X 400'), ('Kodak Verichrome%', 'Kodak Verichrome Pan'), ('Kodak Ultramax%', 'Kosmo Ultramax 800'), ('Kosmo Foto%', 'Kosmo Foto films'), ('Legacy Pro%', 'Legacy Pro films'), ('Lomography Babylon%', 'Lomo Babylon'), ('Lomography Berlin%', 'Lomo Berlin'), ('Lomography Earl Grey%', 'Lomo Earl Grey'), ('Lomography Lady Grey%', 'Lomo Lady Grey'), ('Lomography Fantome%', 'Lomo Fantome'), ('Lomography Orca%', 'Lomo Orca 110'), ('Lomography Potsdam%', 'Lomo Potsdam'), ('Low Speed B&W%', 'Low Speed B&W'), ('Lucky%', 'Lucky films'), ('Maco%', 'Maco films'), ('Mosler Surveillance%', 'Mosler Surveillance'), ('New Classic%', 'New Classic EZ400'), ('NoColor%', 'NoColorStudio films'), ('Oriental Seagull%', 'Oriental Seagull 100'), ('Orwo%', 'Orwo films'), ('Owax%', 'Owax films'), ('photodom%', 'photodom. Silver Haze 400'), ('Polypan%', 'Polypan F'), ('Pro Max%', 'Pro Max films'), ('ReraPan%', 'ReraPan'), ('Rollei AT%', 'Rollei ATP/ATO'), ('Rollei Blackbird', 'Rollei Blackbird'), ('Rollei Infrared IR400', 'Rollei Infrared IR400'), ('Rollei Ortho%', 'Rollei Ortho'), ('Rollei Paul%', 'Rollei Paul & Reinhold'), ('Rollei R3', 'Rollei R3'), ('Rollei Retro%', 'Rollei Retro films'), ('Rollei Retro 80S', 'Rollei Retro 80S'), ('Rollei Retro 400S', 'Rollei Retro 400S'), ('Rollei RPX 25', 'Rollei RPX 25'), ('Rollei RPX 100', 'Rollei RPX 100'), ('Rollei RPX 400', 'Rollei RPX 400'), ('Rollei Superpan%', 'Rollei Superpan'), ('Santa%', 'Santa RAE 1000'), ('Shanghai%', 'Shanghai films'), ('Silberra%', 'Silberra films'), ('SPUR Ultra%', 'Spur Ultra R 800'), ('Street Candy%', 'Street Candy'), ('Svema%', 'Svema films'), ('Tasma%', 'Tasma films'), ('Type-D%', 'Type-D films'), ('Ultrafine%', 'Ultrafine films'), ('Vibe%', 'Vibe films'), ('Washi%', 'Washi films')]
28-04-2025 22:01:28 [INFO] write to db "Adox CHM" len of recepts 36
28-04-2025 22:02:32 [INFO] write to db "Adox CHS" len of recepts 247
28-04-2025 22:02:48 [INFO] write to db "Adox CHS 100 II" len of recepts 51
28-04-2025 22:03:06 [INFO] write to db "Adox CMS 20 II" len of recepts 42
28-04-2025 22:03:19 [INFO] write to db "Adox HR-50/IR-HR" len of recepts 26
28-04-2025 22:03:21 [INFO] write to db "Adox Ort 25" len of recepts 13
28-04-2025 22:03:27 [INFO] write to db "Adox Pan 25" len of recepts 18
28-04-2025 22:03:32 [INFO] write to db "Adox Scala" len of recepts 6
28-04-2025 22:03:47 [INFO] write to db "Adox Silvermax" len of recepts 58
28-04-2025 22:03:48 [INFO] write to db "Agfapan APX 100" len of recepts 2
28-04-2025 22:04:10 [INFO] write to db "AgfaPhoto APX 100" len of recepts 127
28-04-2025 22:04:33 [INFO] write to db "AgfaPhoto APX 400" len of recepts 129
28-04-2025 22:04:34 [INFO] write to db "Agfa Cinerex" len of recepts 7
28-04-2025 22:04:51 [INFO] write to db "Agfa Copex" len of recepts 30
28-04-2025 22:05:06 [INFO] write to db "Agfa Scala" len of recepts 18
28-04-2025 22:05:18 [INFO] write to db "Agfa Aviphot" len of recepts 27
28-04-2025 22:05:23 [INFO] write to db "Argenti films" len of recepts 49
28-04-2025 22:05:25 [INFO] write to db "Arista EDU DX" len of recepts 35
28-04-2025 22:05:56 [INFO] write to db "Arista EDU Ultra" len of recepts 200
28-04-2025 22:06:06 [INFO] write to db "Arista Ortho Litho" len of recepts 10
28-04-2025 22:10:39 [INFO] write to db "Arista Premium" len of recepts 455
28-04-2025 22:10:47 [INFO] write to db "Aristapan" len of recepts 9
28-04-2025 22:18:38 [ERROR] Error parsing recept page url - https://www.digitaltruth.com/devchart.php?Film=Arista%&Developer=&mdc=Search&TempUnits=C&TimeUnits=T
500 Server Error: Internal Server Error for url: https://www.digitaltruth.com/devchart.php?devrow=11893
28-04-2025 22:23:41 [ERROR] Error parsing recept page url - https://www.digitaltruth.com/devchart.php?Film=Arista%&Developer=&mdc=Search&TempUnits=C&TimeUnits=T
500 Server Error: Internal Server Error for url: https://www.digitaltruth.com/devchart.php?devrow=7071
28-04-2025 22:28:19 [ERROR] Error parsing recept page url - https://www.digitaltruth.com/devchart.php?Film=Arista%&Developer=&mdc=Search&TempUnits=C&TimeUnits=T
500 Server Error: Internal Server Error for url: https://www.digitaltruth.com/devchart.php?devrow=12091
28-04-2025 22:30:58 [INFO] write to db "Arista (All Films)" len of recepts 990
28-04-2025 22:31:00 [INFO] write to db "Ars-imago films" len of recepts 22
28-04-2025 22:31:24 [INFO] write to db "Astrum films" len of recepts 108
28-04-2025 22:31:26 [INFO] write to db "Atomic X" len of recepts 4
28-04-2025 22:31:48 [INFO] write to db "Bergger Pancro 400" len of recepts 79
28-04-2025 22:31:50 [INFO] write to db "Bluefire films" len of recepts 3
28-04-2025 22:31:52 [INFO] write to db "BCG P-400" len of recepts 3
28-04-2025 22:32:10 [INFO] write to db "CatLABS films" len of recepts 67
28-04-2025 22:32:22 [INFO] write to db "CHM Universal (Fotoimpex)" len of recepts 36
28-04-2025 22:32:56 [INFO] write to db "CineStill BwXX" len of recepts 146
28-04-2025 22:33:27 [INFO] write to db "Contrasto 200" len of recepts 99
28-04-2025 22:33:29 [INFO] write to db "Dry Plates" len of recepts 3
28-04-2025 22:33:33 [INFO] write to db "Dubblefilm films" len of recepts 15
28-04-2025 22:34:20 [INFO] write to db "Eastman films" len of recepts 193
28-04-2025 22:34:46 [INFO] write to db "Efke 25" len of recepts 81
28-04-2025 22:35:01 [INFO] write to db "Efke 50" len of recepts 56
28-04-2025 22:35:24 [INFO] write to db "Efke 100" len of recepts 81
28-04-2025 22:35:47 [INFO] write to db "Efke IR820" len of recepts 55
28-04-2025 22:35:53 [INFO] write to db "ERA films" len of recepts 25
28-04-2025 22:35:55 [INFO] write to db "Etude Pan" len of recepts 9
28-04-2025 22:35:56 [INFO] write to db "EXE-FIL ml XX" len of recepts 1
28-04-2025 22:35:57 [INFO] write to db "ExtraFilm 200" len of recepts 1
28-04-2025 22:36:00 [INFO] write to db "Fabfilm BU-400" len of recepts 6
28-04-2025 22:36:08 [INFO] write to db "Ferrania Orto" len of recepts 10
28-04-2025 22:36:38 [INFO] write to db "Ferrania P30" len of recepts 62
28-04-2025 22:36:47 [INFO] write to db "Ferrania P33" len of recepts 16
28-04-2025 22:36:49 [INFO] write to db "Filmotec films" len of recepts 13
28-04-2025 22:36:50 [INFO] write to db "FilmNeverDie KURO 100" len of recepts 1
28-04-2025 22:36:51 [INFO] write to db "Flic Film UltraPan 100" len of recepts 16
28-04-2025 22:37:54 [INFO] write to db "Fomapan 100" len of recepts 239
28-04-2025 22:38:34 [INFO] write to db "Fomapan 200" len of recepts 152
28-04-2025 22:39:18 [INFO] write to db "Fomapan 400" len of recepts 205
28-04-2025 22:39:23 [INFO] write to db "Foma Ortho 400" len of recepts 18
28-04-2025 22:39:32 [INFO] write to db "Foma Retropan 320" len of recepts 49
28-04-2025 22:39:33 [INFO] write to db "Fotopan films" len of recepts 1
28-04-2025 22:39:53 [INFO] write to db "FPP films" len of recepts 107
28-04-2025 22:39:54 [INFO] write to db "FT-12" len of recepts 2
28-04-2025 22:40:11 [INFO] write to db "Fuji HR/RX/UM/C/AD" len of recepts 24
28-04-2025 22:43:26 [INFO] write to db "Fuji Neopan Acros II" len of recepts 255
28-04-2025 22:43:34 [INFO] write to db "Fuji Neopan 100ss" len of recepts 60
28-04-2025 22:44:22 [INFO] write to db "Fuji Neopan 400" len of recepts 254
28-04-2025 22:44:42 [INFO] write to db "Fuji Neopan 1600" len of recepts 211
28-04-2025 22:44:44 [INFO] write to db "Fuji RDS 4791" len of recepts 7
28-04-2025 22:44:45 [INFO] write to db "Fukkatsu 100" len of recepts 3
28-04-2025 22:44:48 [INFO] write to db "gufa.Labs" len of recepts 4
28-04-2025 22:44:57 [INFO] write to db "Holga 400" len of recepts 79
28-04-2025 22:45:44 [INFO] write to db "Ilford Pan F+" len of recepts 253
28-04-2025 22:47:25 [INFO] write to db "Ilford FP4+" len of recepts 397
28-04-2025 22:49:48 [INFO] write to db "Ilford HP5+" len of recepts 529
28-04-2025 22:51:11 [INFO] write to db "Ilford Delta 100" len of recepts 323
28-04-2025 22:52:18 [INFO] write to db "Ilford Delta 400" len of recepts 336
28-04-2025 22:53:01 [INFO] write to db "Ilford Delta 3200" len of recepts 249
28-04-2025 22:53:30 [INFO] write to db "Ilford SFX 200" len of recepts 142
28-04-2025 22:53:41 [INFO] write to db "Ilford Pan 100" len of recepts 105
28-04-2025 22:53:50 [INFO] write to db "Ilford Pan 400" len of recepts 125
28-04-2025 22:53:54 [INFO] write to db "Ilford Surveillance" len of recepts 34
28-04-2025 22:54:34 [INFO] write to db "Ilford Ortho+" len of recepts 73
28-04-2025 22:54:46 [INFO] write to db "Ilford XP2" len of recepts 33
28-04-2025 22:54:48 [INFO] write to db "Imago 320" len of recepts 22
28-04-2025 22:54:49 [INFO] write to db "Isopan F" len of recepts 1
28-04-2025 22:54:57 [INFO] write to db "JCH Streetpan" len of recepts 35
28-04-2025 22:56:10 [INFO] write to db "Kentmere films" len of recepts 376
28-04-2025 22:56:14 [INFO] write to db "Kiki Pan 320" len of recepts 30
28-04-2025 22:56:16 [INFO] write to db "Kodak 1461" len of recepts 2
28-04-2025 22:56:37 [INFO] write to db "Kodak 2*** films" len of recepts 59
28-04-2025 22:56:37 [INFO] write to db "Kodak Aerecon 3409" len of recepts 6
28-04-2025 22:56:39 [INFO] write to db "Kodak Aerocolor IV 2460" len of recepts 2
28-04-2025 22:56:46 [INFO] write to db "Kodak BW400CN" len of recepts 12
28-04-2025 22:56:46 [INFO] write to db "Kodak Direct Positive" len of recepts 2
28-04-2025 22:57:19 [INFO] write to db "Kodak Double-X" len of recepts 153
28-04-2025 22:57:21 [INFO] write to db "Kodak Ektachrome 100" len of recepts 2
28-04-2025 22:57:23 [INFO] write to db "Kodak Ektagraphic" len of recepts 2
28-04-2025 22:57:25 [INFO] write to db "Kodak Ektar 100" len of recepts 3
28-04-2025 22:57:27 [INFO] write to db "Kodak Gold 200" len of recepts 2
28-04-2025 22:57:33 [INFO] write to db "Kodak Hawkeye" len of recepts 9
28-04-2025 22:57:49 [INFO] write to db "Kodak HIE Infrared" len of recepts 57
28-04-2025 22:57:49 [INFO] write to db "Kodak Panatomic-X" len of recepts 2
28-04-2025 23:00:09 [INFO] write to db "Kodak Plus-X" len of recepts 227
28-04-2025 23:00:10 [INFO] write to db "Kodak Technical Pan" len of recepts 1
28-04-2025 23:03:01 [INFO] write to db "Kodak TMax 100" len of recepts 360
28-04-2025 23:05:22 [INFO] write to db "Kodak TMax 400" len of recepts 388
28-04-2025 23:08:09 [INFO] write to db "Kodak TMax P3200" len of recepts 359
28-04-2025 23:09:38 [INFO] write to db "Kodak Tri-X 320" len of recepts 174
28-04-2025 23:13:14 [INFO] write to db "Kodak Tri-X 400" len of recepts 481
28-04-2025 23:13:16 [INFO] write to db "Kodak Verichrome Pan" len of recepts 1
28-04-2025 23:13:17 [INFO] write to db "Kosmo Ultramax 800" len of recepts 1
28-04-2025 23:14:02 [INFO] write to db "Kosmo Foto films" len of recepts 203
28-04-2025 23:14:49 [INFO] write to db "Legacy Pro films" len of recepts 263
28-04-2025 23:14:53 [INFO] write to db "Lomo Babylon" len of recepts 6
28-04-2025 23:14:58 [INFO] write to db "Lomo Berlin" len of recepts 18
28-04-2025 23:15:04 [INFO] write to db "Lomo Earl Grey" len of recepts 31
28-04-2025 23:15:10 [INFO] write to db "Lomo Lady Grey" len of recepts 33
28-04-2025 23:15:12 [INFO] write to db "Lomo Fantome" len of recepts 12
28-04-2025 23:15:18 [INFO] write to db "Lomo Orca 110" len of recepts 27
28-04-2025 23:15:25 [INFO] write to db "Lomo Potsdam" len of recepts 31
28-04-2025 23:15:26 [ERROR] error in ('Low Speed B&W%', 'Low Speed B&W')
28-04-2025 23:15:26 [ERROR] 'NoneType' object has no attribute 'contents'
28-04-2025 23:19:41 [ERROR] Error parsing recept page url - https://www.digitaltruth.com/devchart.php?Film=Lucky%&Developer=&mdc=Search&TempUnits=C&TimeUnits=T
500 Server Error: Internal Server Error for url: https://www.digitaltruth.com/devchart.php?devrow=8737
28-04-2025 23:19:53 [INFO] write to db "Lucky films" len of recepts 99
28-04-2025 23:24:41 [ERROR] Error parsing recept page url - https://www.digitaltruth.com/devchart.php?Film=Maco%&Developer=&mdc=Search&TempUnits=C&TimeUnits=T
500 Server Error: Internal Server Error for url: https://www.digitaltruth.com/devchart.php?devrow=4343
28-04-2025 23:24:53 [INFO] write to db "Maco films" len of recepts 200
28-04-2025 23:24:54 [INFO] write to db "Mosler Surveillance" len of recepts 1
28-04-2025 23:24:56 [INFO] write to db "New Classic EZ400" len of recepts 12
28-04-2025 23:24:58 [INFO] write to db "NoColorStudio films" len of recepts 17
28-04-2025 23:25:03 [INFO] write to db "Oriental Seagull 100" len of recepts 27
28-04-2025 23:25:48 [INFO] write to db "Orwo films" len of recepts 155
28-04-2025 23:25:51 [INFO] write to db "Owax films" len of recepts 57
28-04-2025 23:25:52 [INFO] write to db "photodom. Silver Haze 400" len of recepts 3
28-04-2025 23:26:28 [INFO] write to db "Polypan F" len of recepts 101
28-04-2025 23:26:31 [INFO] write to db "Pro Max films" len of recepts 13
28-04-2025 23:27:08 [INFO] write to db "ReraPan" len of recepts 52
28-04-2025 23:27:13 [INFO] write to db "Rollei ATP/ATO" len of recepts 13
28-04-2025 23:27:16 [INFO] write to db "Rollei Blackbird" len of recepts 12
28-04-2025 23:28:08 [INFO] write to db "Rollei Infrared IR400" len of recepts 96
28-04-2025 23:28:27 [INFO] write to db "Rollei Ortho" len of recepts 56
28-04-2025 23:28:30 [INFO] write to db "Rollei Paul & Reinhold" len of recepts 17
28-04-2025 23:32:31 [ERROR] Error parsing recept page url - https://www.digitaltruth.com/devchart.php?Film=Rollei R3&Developer=&mdc=Search&TempUnits=C&TimeUnits=T
500 Server Error: Internal Server Error for url: https://www.digitaltruth.com/devchart.php?devrow=12689
28-04-2025 23:32:39 [INFO] write to db "Rollei R3" len of recepts 33
28-04-2025 23:37:42 [ERROR] Error parsing recept page url - https://www.digitaltruth.com/devchart.php?Film=Rollei Retro%&Developer=&mdc=Search&TempUnits=C&TimeUnits=T
500 Server Error: Internal Server Error for url: https://www.digitaltruth.com/devchart.php?devrow=7379
28-04-2025 23:40:59 [INFO] write to db "Rollei Retro films" len of recepts 597
28-04-2025 23:41:39 [INFO] write to db "Rollei Retro 80S" len of recepts 127
28-04-2025 23:42:05 [INFO] write to db "Rollei Retro 400S" len of recepts 108
28-04-2025 23:42:23 [INFO] write to db "Rollei RPX 25" len of recepts 52
28-04-2025 23:42:46 [INFO] write to db "Rollei RPX 100" len of recepts 132
28-04-2025 23:43:13 [INFO] write to db "Rollei RPX 400" len of recepts 160
28-04-2025 23:43:47 [INFO] write to db "Rollei Superpan" len of recepts 114
28-04-2025 23:43:54 [INFO] write to db "Santa RAE 1000" len of recepts 22
28-04-2025 23:44:39 [INFO] write to db "Shanghai films" len of recepts 145
28-04-2025 23:44:45 [INFO] write to db "Silberra films" len of recepts 105
28-04-2025 23:44:50 [INFO] write to db "Spur Ultra R 800" len of recepts 7
28-04-2025 23:44:52 [INFO] write to db "Street Candy" len of recepts 10
28-04-2025 23:45:22 [INFO] write to db "Svema films" len of recepts 125
28-04-2025 23:45:46 [INFO] write to db "Tasma films" len of recepts 96
28-04-2025 23:45:52 [INFO] write to db "Type-D films" len of recepts 18
28-04-2025 23:46:16 [INFO] write to db "Ultrafine films" len of recepts 337
28-04-2025 23:46:19 [INFO] write to db "Vibe films" len of recepts 16
28-04-2025 23:46:31 [INFO] write to db "Washi films" len of recepts 63
